{
    "times": [
        0.0,
        1.0,
        2.0,
        3.0
    ],
    "temperatures": [
        24.22159566166409,
        22.32056983892107,
        24.19380667306286,
        22.164223768464435
    ],
    "cmu_coordinates": [
        {
            "latitude": 40.43609751762827,
            "longitude": -79.9339316306045
        },
        {
            "latitude": 40.43969880949363,
            "longitude": -79.94441405756584
        },
        {
            "latitude": 40.438325445215305,
            "longitude": -79.94245108718795
        },
        {
            "latitude": 40.439437194060254,
            "longitude": -79.93728945443466
        }
    ],
    "accelerations": [
        {
            "x": -0.19578099873945964,
            "y": 0.6575832339833276,
            "z": -0.47052442669189043
        },
        {
            "x": -0.5640445838849022,
            "y": -0.8317603545037184,
            "z": 0.8781938442851509
        },
        {
            "x": -0.5318814811048189,
            "y": -0.8628019887163778,
            "z": 0.9853741462297692
        },
        {
            "x": 0.5607518319850091,
            "y": -0.47480125187142597,
            "z": -0.8658211321060176
        }
    ]
}